<?xml version="1.0" encoding="UTF-8"?>
<!-- Generated by org.testng.reporters.JUnitReportReporter -->
<testsuite skipped="0" hostname="TIPS" name="addCustomer.Add_Customer_TestNg" tests="2" failures="0" timestamp="2022-02-08T23:56:08 CST" time="33.006" errors="0">
  <testcase name="loginTest" time="5.174" classname="addCustomer.Add_Customer_TestNg"/>
  <system-out/>
  <testcase name="addCustomer" time="27.832" classname="addCustomer.Add_Customer_TestNg"/>
  <system-out/>
</testsuite> <!-- addCustomer.Add_Customer_TestNg -->
